#
# There is insufficient memory for the Java Runtime Environment to continue.
# Native memory allocation (mmap) failed to map 264241152 bytes for Failed to commit area from 0x0000000705c00000 to 0x0000000715800000 of length 264241152.
# Possible reasons:
#   The system is out of physical RAM or swap space
#   The process is running with CompressedOops enabled, and the Java Heap may be blocking the growth of the native heap
# Possible solutions:
#   Reduce memory load on the system
#   Increase physical memory or swap space
#   Check if swap backing store is full
#   Decrease Java heap size (-Xmx/-Xms)
#   Decrease number of Java threads
#   Decrease Java thread stack sizes (-Xss)
#   Set larger code cache with -XX:ReservedCodeCacheSize=
# This output file may be truncated or incomplete.
#
#  Out of Memory Error (./src/hotspot/os/windows/os_windows.cpp:3301), pid=29824, tid=17712
#
# JRE version:  (11.0.11+9) (build )
# Java VM: Dynamic Code Evolution 64-Bit Server VM (11.0.11+9-b1341.57, mixed mode, sharing, tiered, compressed oops, g1 gc, windows-amd64)
# No core dump will be written. Minidumps are not enabled by default on client versions of Windows
#

---------------  S U M M A R Y ------------

Command Line: org.jetbrains.git4idea.http.GitAskPassApp Username for 'https://github.com': 

Host: Intel(R) Core(TM) i5-10400 CPU @ 2.90GHz, 12 cores, 15G,  Windows 10 , 64 bit Build 19041 (10.0.19041.1023)
Time: Thu Jul 22 12:49:53 2021 대한민국 표준시 elapsed time: 0.027659 seconds (0d 0h 0m 0s)

---------------  T H R E A D  ---------------

Current thread (0x0000028c0de12000):  JavaThread "Unknown thread" [_thread_in_vm, id=17712, stack(0x000000c8b9700000,0x000000c8b9800000)]

Stack: [0x000000c8b9700000,0x000000c8b9800000]
Native frames: (J=compiled Java code, j=interpreted, Vv=VM code, C=native code)
V  [jvm.dll+0x5fdd0a]
V  [jvm.dll+0x7822a5]
V  [jvm.dll+0x7838bd]
V  [jvm.dll+0x783f73]
V  [jvm.dll+0x245ed8]
V  [jvm.dll+0x5fb104]
V  [jvm.dll+0x5f0065]
V  [jvm.dll+0x302ecb]
V  [jvm.dll+0x302e3a]
V  [jvm.dll+0x302d12]
V  [jvm.dll+0x307c06]
V  [jvm.dll+0x350aa3]
V  [jvm.dll+0x3511a6]
V  [jvm.dll+0x350ba3]
V  [jvm.dll+0x2dca78]
V  [jvm.dll+0x2ddc27]
V  [jvm.dll+0x760907]
V  [jvm.dll+0x76219c]
V  [jvm.dll+0x35e039]
V  [jvm.dll+0x743e8e]
V  [jvm.dll+0x3c69b3]
V  [jvm.dll+0x3c8db1]
C  [jli.dll+0x5373]
C  [ucrtbase.dll+0x21bb2]
C  [KERNEL32.DLL+0x17034]
C  [ntdll.dll+0x52651]


---------------  P R O C E S S  ---------------

Threads class SMR info:
_java_thread_list=0x0000028c0bbc2470, length=0, elements={
}

Java Threads: ( => current thread )

Other Threads:
  0x0000028c0bc9c000 GCTaskThread "GC Thread#0" [stack: 0x000000c8b9800000,0x000000c8b9900000] [id=11576]
  0x0000028c0de82800 ConcurrentGCThread "G1 Main Marker" [stack: 0x000000c8b9900000,0x000000c8b9a00000] [id=12504]
  0x0000028c0de84000 ConcurrentGCThread "G1 Conc#0" [stack: 0x000000c8b9a00000,0x000000c8b9b00000] [id=23408]

[error occurred during error reporting (printing all threads), id 0xc0000005, EXCEPTION_ACCESS_VIOLATION (0xc0000005) at pc=0x00007ffb2914d047]

VM state:not at safepoint (not fully initialized)

VM Mutex/Monitor currently owned by a thread:  ([mutex/lock_event])
[0x0000028c0de0e8c0] Heap_lock - owner thread: 0x0000028c0de12000

Heap address: 0x0000000705c00000, size: 4004 MB, Compressed Oops mode: Non-zero based: 0x0000000705c00000
Narrow klass base: 0x0000000000000000, Narrow klass shift: 0

GC Heap History (0 events):
No events

Deoptimization events (0 events):
No events

Classes redefined (0 events):
No events

Internal exceptions (0 events):
No events

Events (1 events):
Event: 0.011 Loaded shared library C:\Program Files\JetBrains\WebStorm 2021.1.1\jbr\bin\zip.dll


Dynamic libraries:
0x00007ff6183b0000 - 0x00007ff6183ba000 	C:\Program Files\JetBrains\WebStorm 2021.1.1\jbr\bin\java.exe
0x00007ffb70d90000 - 0x00007ffb70f85000 	C:\Windows\SYSTEM32\ntdll.dll
0x00007ffb6f990000 - 0x00007ffb6fa4d000 	C:\Windows\System32\KERNEL32.DLL
0x00007ffb6ea70000 - 0x00007ffb6ed38000 	C:\Windows\System32\KERNELBASE.dll
0x00007ffb6e4d0000 - 0x00007ffb6e5d0000 	C:\Windows\System32\ucrtbase.dll
0x00007ffb56e30000 - 0x00007ffb56e49000 	C:\Program Files\JetBrains\WebStorm 2021.1.1\jbr\bin\jli.dll
0x00007ffb56e10000 - 0x00007ffb56e27000 	C:\Program Files\JetBrains\WebStorm 2021.1.1\jbr\bin\VCRUNTIME140.dll
0x00007ffb6f1a0000 - 0x00007ffb6f340000 	C:\Windows\System32\USER32.dll
0x00007ffb6ed40000 - 0x00007ffb6ed62000 	C:\Windows\System32\win32u.dll
0x00007ffb6f900000 - 0x00007ffb6f92a000 	C:\Windows\System32\GDI32.dll
0x00007ffb6e680000 - 0x00007ffb6e78b000 	C:\Windows\System32\gdi32full.dll
0x00007ffb5d200000 - 0x00007ffb5d49a000 	C:\Windows\WinSxS\amd64_microsoft.windows.common-controls_6595b64144ccf1df_6.0.19041.1052_none_60b8f8fd71f5e8cb\COMCTL32.dll
0x00007ffb6e870000 - 0x00007ffb6e90d000 	C:\Windows\System32\msvcp_win.dll
0x00007ffb70b80000 - 0x00007ffb70c1e000 	C:\Windows\System32\msvcrt.dll
0x00007ffb6f150000 - 0x00007ffb6f180000 	C:\Windows\System32\IMM32.DLL
0x00007ffb40b30000 - 0x00007ffb40bcd000 	C:\Program Files\JetBrains\WebStorm 2021.1.1\jbr\bin\msvcp140.dll
0x00007ffb28e60000 - 0x00007ffb299b3000 	C:\Program Files\JetBrains\WebStorm 2021.1.1\jbr\bin\server\jvm.dll
0x00007ffb70190000 - 0x00007ffb7023c000 	C:\Windows\System32\ADVAPI32.dll
0x00007ffb70240000 - 0x00007ffb702db000 	C:\Windows\System32\sechost.dll
0x00007ffb6ef40000 - 0x00007ffb6f06b000 	C:\Windows\System32\RPCRT4.dll
0x00007ffb6f190000 - 0x00007ffb6f198000 	C:\Windows\System32\PSAPI.DLL
0x00007ffb69c60000 - 0x00007ffb69c69000 	C:\Windows\SYSTEM32\WSOCK32.dll
0x00007ffb6f890000 - 0x00007ffb6f8fb000 	C:\Windows\System32\WS2_32.dll
0x00007ffb69c40000 - 0x00007ffb69c4a000 	C:\Windows\SYSTEM32\VERSION.dll
0x00007ffb5ec00000 - 0x00007ffb5ec27000 	C:\Windows\SYSTEM32\WINMM.dll
0x00007ffb6c440000 - 0x00007ffb6c452000 	C:\Windows\SYSTEM32\kernel.appcore.dll
0x00007ffb5d6c0000 - 0x00007ffb5d6d1000 	C:\Program Files\JetBrains\WebStorm 2021.1.1\jbr\bin\verify.dll
0x00007ffb68400000 - 0x00007ffb685e4000 	C:\Windows\SYSTEM32\DBGHELP.DLL
0x00007ffb68200000 - 0x00007ffb6822c000 	C:\Windows\SYSTEM32\dbgcore.DLL
0x00007ffb6ed70000 - 0x00007ffb6edf3000 	C:\Windows\System32\bcryptPrimitives.dll
0x00007ffb5c220000 - 0x00007ffb5c249000 	C:\Program Files\JetBrains\WebStorm 2021.1.1\jbr\bin\java.dll
0x00007ffb69c50000 - 0x00007ffb69c5b000 	C:\Program Files\JetBrains\WebStorm 2021.1.1\jbr\bin\jimage.dll
0x00007ffb5c4b0000 - 0x00007ffb5c4c8000 	C:\Program Files\JetBrains\WebStorm 2021.1.1\jbr\bin\zip.dll

dbghelp: loaded successfully - version: 4.0.5 - missing functions: none
symbol engine: initialized successfully - sym options: 0x614 - pdb path: .;C:\Program Files\JetBrains\WebStorm 2021.1.1\jbr\bin;C:\Windows\SYSTEM32;C:\Windows\WinSxS\amd64_microsoft.windows.common-controls_6595b64144ccf1df_6.0.19041.1052_none_60b8f8fd71f5e8cb;C:\Program Files\JetBrains\WebStorm 2021.1.1\jbr\bin\server

VM Arguments:
java_command: org.jetbrains.git4idea.http.GitAskPassApp Username for 'https://github.com': 
java_class_path (initial): C:/Program Files/JetBrains/WebStorm 2021.1.1/plugins/git4idea/lib/git4idea-rt.jar;C:/Program Files/JetBrains/WebStorm 2021.1.1/lib/xmlrpc-2.0.1.jar;C:/Program Files/JetBrains/WebStorm 2021.1.1/lib/commons-codec-1.15.jar
Launcher Type: SUN_STANDARD

[Global flags]
     intx CICompilerCount                          = 4                                         {product} {ergonomic}
     uint ConcGCThreads                            = 3                                         {product} {ergonomic}
     uint G1ConcRefinementThreads                  = 10                                        {product} {ergonomic}
   size_t G1HeapRegionSize                         = 1048576                                   {product} {ergonomic}
    uintx GCDrainStackTargetSize                   = 64                                        {product} {ergonomic}
   size_t InitialHeapSize                          = 264241152                                 {product} {ergonomic}
   size_t MarkStackSize                            = 4194304                                   {product} {ergonomic}
   size_t MaxHeapSize                              = 4198498304                                {product} {ergonomic}
   size_t MinHeapDeltaBytes                        = 1048576                                   {product} {ergonomic}
    uintx NonNMethodCodeHeapSize                   = 5836300                                {pd product} {ergonomic}
    uintx NonProfiledCodeHeapSize                  = 122910970                              {pd product} {ergonomic}
    uintx ProfiledCodeHeapSize                     = 122910970                              {pd product} {ergonomic}
    uintx ReservedCodeCacheSize                    = 251658240                              {pd product} {ergonomic}
     bool SegmentedCodeCache                       = true                                      {product} {ergonomic}
     bool UseCompressedClassPointers               = true                                 {lp64_product} {ergonomic}
     bool UseCompressedOops                        = true                                 {lp64_product} {ergonomic}
     bool UseG1GC                                  = true                                      {product} {ergonomic}
     bool UseLargePagesIndividualAllocation        = false                                  {pd product} {ergonomic}

Logging:
Log output configuration:
 #0: stdout all=warning uptime,level,tags
 #1: stderr all=off uptime,level,tags

Environment Variables:
PATH=C:/Program Files/Git/mingw64/libexec/git-core;C:/Program Files/Git/mingw64/libexec/git-core;C:\Program Files\Git\mingw64\bin;C:\Program Files\Git\usr\bin;C:\Users\yunaz\bin;C:\Windows\system32;C:\Windows;C:\Windows\System32\Wbem;C:\Windows\System32\WindowsPowerShell\v1.0\;C:\Windows\System32\OpenSSH\;C:\Program Files (x86)\NVIDIA Corporation\PhysX\Common;C:\Program Files (x86)\nodejs\;C:\Program Files\Git\cmd;C:\Users\yunaz\AppData\Local\Microsoft\WindowsApps;C:\Users\yunaz\AppData\Local\Programs\Microsoft VS Code\bin;C:\Users\yunaz\AppData\Local\GitHubDesktop\bin;C:\Users\yunaz\AppData\Roaming\npm
USERNAME=yunaz
DISPLAY=:0.0
LC_ALL=en_US.UTF-8
OS=Windows_NT
PROCESSOR_IDENTIFIER=Intel64 Family 6 Model 165 Stepping 3, GenuineIntel



---------------  S Y S T E M  ---------------

OS: Windows 10 , 64 bit Build 19041 (10.0.19041.1023)
OS uptime: 7 days 2:03 hours

CPU:total 12 (initial active 12) (6 cores per cpu, 2 threads per core) family 6 model 165 stepping 3 microcode 0xcc, cmov, cx8, fxsr, mmx, sse, sse2, sse3, ssse3, sse4.1, sse4.2, popcnt, avx, avx2, aes, clmul, erms, 3dnowpref, lzcnt, ht, tsc, tscinvbit, bmi1, bmi2, adx, fma

Memory: 4k page, system-wide physical 16012M (1333M free)
TotalPageFile size 44487M (AvailPageFile size 129M)
current process WorkingSet (physical memory assigned to process): 10M, peak: 10M
current process commit charge ("private bytes"): 64M, peak: 316M

vm_info: Dynamic Code Evolution 64-Bit Server VM (11.0.11+9-b1341.57) for windows-amd64 JRE (11.0.11+9-b1341.57), built on May 17 2021 14:09:08 by "" with MS VC++ 14.0 (VS2015)

END.
